# JRE version: Java(TM) SE Runtime Environment (9.0+11) (build 9.0.4+11)
# Java VM: Java HotSpot(TM) 64-Bit Server VM (9.0.4+11, mixed mode, tiered, compressed oops, g1 gc, windows-amd64)
Heap:
 garbage-first heap   total 157696K, used 120402K [0x0000000700000000, 0x00000007001004d0, 0x00000007c0000000)
  region size 1024K, 44 young (45056K), 2 survivors (2048K)
 Metaspace       used 82464K, capacity 84889K, committed 90880K, reserved 1128448K
  class space    used 10820K, capacity 11327K, committed 12544K, reserved 1048576K
GC Heap History (10 events):
Event: 3741.869 GC heap before
{Heap before GC invocations=253 (full 15):
 garbage-first heap   total 157696K, used 137591K [0x0000000700000000, 0x00000007001004d0, 0x00000007c0000000)
  region size 1024K, 61 young (62464K), 2 survivors (2048K)
 Metaspace       used 82359K, capacity 84821K, committed 90880K, reserved 1128448K
  class space    used 10820K, capacity 11327K, committed 12544K, reserved 1048576K
}
Event: 3741.876 GC heap after
{Heap after GC invocations=254 (full 15):
 garbage-first heap   total 157696K, used 78601K [0x0000000700000000, 0x00000007001004d0, 0x00000007c0000000)
  region size 1024K, 2 young (2048K), 2 survivors (2048K)
 Metaspace       used 82359K, capacity 84821K, committed 90880K, reserved 1128448K
  class space    used 10820K, capacity 11327K, committed 12544K, reserved 1048576K
}
Event: 3743.750 GC heap before
{Heap before GC invocations=254 (full 15):
 garbage-first heap   total 157696K, used 137993K [0x0000000700000000, 0x00000007001004d0, 0x00000007c0000000)
  region size 1024K, 60 young (61440K), 2 survivors (2048K)
 Metaspace       used 82371K, capacity 84821K, committed 90880K, reserved 1128448K
  class space    used 10820K, capacity 11327K, committed 12544K, reserved 1048576K
}
Event: 3743.758 GC heap after
{Heap after GC invocations=255 (full 15):
 garbage-first heap   total 157696K, used 78343K [0x0000000700000000, 0x00000007001004d0, 0x00000007c0000000)
  region size 1024K, 2 young (2048K), 2 survivors (2048K)
 Metaspace       used 82371K, capacity 84821K, committed 90880K, reserved 1128448K
  class space    used 10820K, capacity 11327K, committed 12544K, reserved 1048576K
}
Event: 3745.724 GC heap before
{Heap before GC invocations=256 (full 15):
 garbage-first heap   total 157696K, used 137735K [0x0000000700000000, 0x00000007001004d0, 0x00000007c0000000)
  region size 1024K, 60 young (61440K), 2 survivors (2048K)
 Metaspace       used 82426K, capacity 84825K, committed 90880K, reserved 1128448K
  class space    used 10820K, capacity 11327K, committed 12544K, reserved 1048576K
}
Event: 3745.733 GC heap after
{Heap after GC invocations=257 (full 15):
 garbage-first heap   total 157696K, used 78983K [0x0000000700000000, 0x00000007001004d0, 0x00000007c0000000)
  region size 1024K, 2 young (2048K), 2 survivors (2048K)
 Metaspace       used 82426K, capacity 84825K, committed 90880K, reserved 1128448K
  class space    used 10820K, capacity 11327K, committed 12544K, reserved 1048576K
}
Event: 3747.241 GC heap before
{Heap before GC invocations=257 (full 15):
 garbage-first heap   total 157696K, used 138375K [0x0000000700000000, 0x00000007001004d0, 0x00000007c0000000)
  region size 1024K, 60 young (61440K), 2 survivors (2048K)
 Metaspace       used 82434K, capacity 84825K, committed 90880K, reserved 1128448K
  class space    used 10820K, capacity 11327K, committed 12544K, reserved 1048576K
}
Event: 3747.252 GC heap after
{Heap after GC invocations=258 (full 15):
 garbage-first heap   total 157696K, used 78442K [0x0000000700000000, 0x00000007001004d0, 0x00000007c0000000)
  region size 1024K, 2 young (2048K), 2 survivors (2048K)
 Metaspace       used 82434K, capacity 84825K, committed 90880K, reserved 1128448K
  class space    used 10820K, capacity 11327K, committed 12544K, reserved 1048576K
}
Event: 3747.880 GC heap before
{Heap before GC invocations=259 (full 15):
 garbage-first heap   total 157696K, used 137834K [0x0000000700000000, 0x00000007001004d0, 0x00000007c0000000)
  region size 1024K, 60 young (61440K), 2 survivors (2048K)
 Metaspace       used 82437K, capacity 84825K, committed 90880K, reserved 1128448K
  class space    used 10820K, capacity 11327K, committed 12544K, reserved 1048576K
}
Event: 3747.887 GC heap after
{Heap after GC invocations=260 (full 15):
 garbage-first heap   total 157696K, used 78418K [0x0000000700000000, 0x00000007001004d0, 0x00000007c0000000)
  region size 1024K, 2 young (2048K), 2 survivors (2048K)
 Metaspace       used 82437K, capacity 84825K, committed 90880K, reserved 1128448K
  class space    used 10820K, capacity 11327K, committed 12544K, reserved 1048576K
}

